<?xml version="1.0" encoding="UTF-8"?>
<!-- Generated by org.testng.reporters.JUnitXMLReporter -->
<testsuite ignored="0" hostname="LAPTOP-BIM2FR3V" failures="1" tests="13" name="Test" time="0.15" errors="0" timestamp="2025-11-18T22:33:44 IST">
  <testcase classname="extentReportsDemo.DemoOnExtentReport" name="doLogin" time="0.01"/>
  <testcase classname="extentReportsDemo.DemoOnExtentReport" name="doUserReg" time="0.004">
    <failure type="java.lang.AssertionError" message="null">
      <![CDATA[java.lang.AssertionError: null
at extentReportsDemo.DemoOnExtentReport.doUserReg(DemoOnExtentReport.java:63)
at java.base/java.util.ArrayList.forEach(ArrayList.java:1596)
... Removed 27 stack frames]]>
    </failure>
  </testcase> <!-- doUserReg -->
  <testcase classname="extentReportsDemo.DemoOnExtentReport" name="skipTest" time="0.002">
    <skipped/>
  </testcase> <!-- skipTest -->
  <testcase classname="testNGWithPlayWright.TestCase1" name="test1" time="0.003"/>
  <testcase classname="testNGWithPlayWright.TestCase1" name="test2" time="0.001"/>
  <testcase classname="testNGWithPlayWright.TestCase1" name="LaunchRediff" time="0.001"/>
  <testcase classname="testNGWithPlayWright.TestCase1" name="LoginRediff" time="0.002"/>
  <testcase classname="testNGWithPlayWright.TestCase1" name="CloseRediff" time="0.001"/>
  <testcase classname="testNGWithPlayWright.TestCase2" name="test1" time="0.002"/>
  <testcase classname="testNGWithPlayWright.TestCase2" name="test2" time="0.002"/>
  <testcase classname="testNGWithPlayWright.TestCase2" name="LaunchRediff" time="0.001"/>
  <testcase classname="testNGWithPlayWright.TestCase2" name="LoginRediff" time="0.002"/>
  <testcase classname="testNGWithPlayWright.TestCase2" name="CloseRediff" time="0.002"/>
</testsuite> <!-- Test -->
